<?xml version="1.0" encoding="UTF-8"?>
<testng-results ignored="0" total="17" passed="17" failed="0" skipped="0">
  <reporter-output>
  </reporter-output>
  <suite started-at="2024-03-17T21:05:08 IST" name="Facebook Automation" finished-at="2024-03-17T21:05:23 IST" duration-ms="15785">
    <groups>
    </groups>
    <test started-at="2024-03-17T21:05:08 IST" name="Test" finished-at="2024-03-17T21:05:23 IST" duration-ms="15785">
      <class name="facebook.loginPage">
        <test-method is-config="true" signature="setUP()[pri:0, instance:facebook.loginPage@1ce24091]" started-at="2024-03-17T21:05:03 IST" name="setUP" finished-at="2024-03-17T21:05:08 IST" duration-ms="4267" status="PASS">
          <reporter-output>
          </reporter-output>
        </test-method> <!-- setUP -->
        <test-method signature="TC_001_LoginPageLoaded()[pri:0, instance:facebook.loginPage@1ce24091]" started-at="2024-03-17T21:05:08 IST" name="TC_001_LoginPageLoaded" finished-at="2024-03-17T21:05:10 IST" duration-ms="2300" status="PASS">
          <reporter-output>
          </reporter-output>
        </test-method> <!-- TC_001_LoginPageLoaded -->
        <test-method signature="TC_002_EmailInputBoxIsEnable()[pri:0, instance:facebook.loginPage@1ce24091]" started-at="2024-03-17T21:05:10 IST" name="TC_002_EmailInputBoxIsEnable" finished-at="2024-03-17T21:05:10 IST" duration-ms="35" status="PASS">
          <reporter-output>
          </reporter-output>
        </test-method> <!-- TC_002_EmailInputBoxIsEnable -->
        <test-method signature="TC_003_PlaceholderIsPresented()[pri:0, instance:facebook.loginPage@1ce24091]" started-at="2024-03-17T21:05:10 IST" name="TC_003_PlaceholderIsPresented" finished-at="2024-03-17T21:05:10 IST" duration-ms="36" status="PASS">
          <reporter-output>
          </reporter-output>
        </test-method> <!-- TC_003_PlaceholderIsPresented -->
        <test-method signature="TC_004_EmailInputIsEmailEnterable()[pri:0, instance:facebook.loginPage@1ce24091]" started-at="2024-03-17T21:05:10 IST" name="TC_004_EmailInputIsEmailEnterable" finished-at="2024-03-17T21:05:10 IST" duration-ms="105" status="PASS">
          <reporter-output>
          </reporter-output>
        </test-method> <!-- TC_004_EmailInputIsEmailEnterable -->
        <test-method signature="TC_005_EmailInputIsPhoneNumberEnterable()[pri:0, instance:facebook.loginPage@1ce24091]" started-at="2024-03-17T21:05:10 IST" name="TC_005_EmailInputIsPhoneNumberEnterable" finished-at="2024-03-17T21:05:10 IST" duration-ms="154" status="PASS">
          <reporter-output>
          </reporter-output>
        </test-method> <!-- TC_005_EmailInputIsPhoneNumberEnterable -->
        <test-method signature="TC_006_PasswaordInputBoxIsEnable()[pri:0, instance:facebook.loginPage@1ce24091]" started-at="2024-03-17T21:05:10 IST" name="TC_006_PasswaordInputBoxIsEnable" finished-at="2024-03-17T21:05:10 IST" duration-ms="35" status="PASS">
          <reporter-output>
          </reporter-output>
        </test-method> <!-- TC_006_PasswaordInputBoxIsEnable -->
        <test-method signature="TC_007_PlaceholderIsPresentedInPassword()[pri:0, instance:facebook.loginPage@1ce24091]" started-at="2024-03-17T21:05:10 IST" name="TC_007_PlaceholderIsPresentedInPassword" finished-at="2024-03-17T21:05:10 IST" duration-ms="21" status="PASS">
          <reporter-output>
          </reporter-output>
        </test-method> <!-- TC_007_PlaceholderIsPresentedInPassword -->
        <test-method signature="TC_008_PasswordInputIsEnterable()[pri:0, instance:facebook.loginPage@1ce24091]" started-at="2024-03-17T21:05:10 IST" name="TC_008_PasswordInputIsEnterable" finished-at="2024-03-17T21:05:11 IST" duration-ms="143" status="PASS">
          <reporter-output>
          </reporter-output>
        </test-method> <!-- TC_008_PasswordInputIsEnterable -->
        <test-method signature="TC_009_EyeIconIsDisplayed()[pri:0, instance:facebook.loginPage@1ce24091]" started-at="2024-03-17T21:05:11 IST" name="TC_009_EyeIconIsDisplayed" finished-at="2024-03-17T21:05:11 IST" duration-ms="37" status="PASS">
          <reporter-output>
          </reporter-output>
        </test-method> <!-- TC_009_EyeIconIsDisplayed -->
        <test-method signature="TC_010_EyeIconIsNotDisplayed()[pri:0, instance:facebook.loginPage@1ce24091]" started-at="2024-03-17T21:05:11 IST" name="TC_010_EyeIconIsNotDisplayed" finished-at="2024-03-17T21:05:12 IST" duration-ms="1127" status="PASS">
          <reporter-output>
          </reporter-output>
        </test-method> <!-- TC_010_EyeIconIsNotDisplayed -->
        <test-method signature="TC_011_PasswordDisplayedByClickEyeIcon()[pri:0, instance:facebook.loginPage@1ce24091]" started-at="2024-03-17T21:05:12 IST" name="TC_011_PasswordDisplayedByClickEyeIcon" finished-at="2024-03-17T21:05:12 IST" duration-ms="149" status="PASS">
          <reporter-output>
          </reporter-output>
        </test-method> <!-- TC_011_PasswordDisplayedByClickEyeIcon -->
        <test-method signature="TC_012_PasswordNotDisplayedByClickEyeIcon()[pri:0, instance:facebook.loginPage@1ce24091]" started-at="2024-03-17T21:05:12 IST" name="TC_012_PasswordNotDisplayedByClickEyeIcon" finished-at="2024-03-17T21:05:12 IST" duration-ms="65" status="PASS">
          <reporter-output>
          </reporter-output>
        </test-method> <!-- TC_012_PasswordNotDisplayedByClickEyeIcon -->
        <test-method signature="TC_013_CreateAccountIsEnabel()[pri:0, instance:facebook.loginPage@1ce24091]" started-at="2024-03-17T21:05:12 IST" name="TC_013_CreateAccountIsEnabel" finished-at="2024-03-17T21:05:12 IST" duration-ms="29" status="PASS">
          <reporter-output>
          </reporter-output>
        </test-method> <!-- TC_013_CreateAccountIsEnabel -->
        <test-method signature="TC_014_SignUpModelIsDisplay()[pri:0, instance:facebook.loginPage@1ce24091]" started-at="2024-03-17T21:05:12 IST" name="TC_014_SignUpModelIsDisplay" finished-at="2024-03-17T21:05:13 IST" duration-ms="688" status="PASS">
          <reporter-output>
          </reporter-output>
        </test-method> <!-- TC_014_SignUpModelIsDisplay -->
        <test-method signature="TC_015_ForgetPasswordIsRedirectable()[pri:0, instance:facebook.loginPage@1ce24091]" started-at="2024-03-17T21:05:13 IST" name="TC_015_ForgetPasswordIsRedirectable" finished-at="2024-03-17T21:05:21 IST" duration-ms="7862" status="PASS">
          <reporter-output>
          </reporter-output>
        </test-method> <!-- TC_015_ForgetPasswordIsRedirectable -->
        <test-method signature="TC_016_CreatePageIsRedirectable()[pri:0, instance:facebook.loginPage@1ce24091]" started-at="2024-03-17T21:05:21 IST" name="TC_016_CreatePageIsRedirectable" finished-at="2024-03-17T21:05:23 IST" duration-ms="2203" status="PASS">
          <reporter-output>
          </reporter-output>
        </test-method> <!-- TC_016_CreatePageIsRedirectable -->
        <test-method signature="TC_017_LoginSucessfully(java.lang.String,java.lang.String)[pri:0, instance:facebook.loginPage@1ce24091]" started-at="2024-03-17T21:05:23 IST" name="TC_017_LoginSucessfully" finished-at="2024-03-17T21:05:23 IST" duration-ms="675" status="PASS">
          <params>
            <param index="0">
              <value>
                <![CDATA[7397453551]]>
              </value>
            </param>
            <param index="1">
              <value>
                <![CDATA[Yuvaneshyuvi2711]]>
              </value>
            </param>
          </params>
          <reporter-output>
          </reporter-output>
        </test-method> <!-- TC_017_LoginSucessfully -->
        <test-method is-config="true" signature="closure()[pri:0, instance:facebook.loginPage@1ce24091]" started-at="2024-03-17T21:05:23 IST" name="closure" finished-at="2024-03-17T21:05:25 IST" duration-ms="1071" status="PASS">
          <reporter-output>
          </reporter-output>
        </test-method> <!-- closure -->
      </class> <!-- facebook.loginPage -->
    </test> <!-- Test -->
  </suite> <!-- Facebook Automation -->
</testng-results>
