<?xml version="1.0" encoding="UTF-8"?>
<!-- Generated by org.testng.reporters.JUnitXMLReporter -->
<testsuite ignored="0" hostname="DESKTOP-1T5BJDV" failures="0" tests="17" name="Default test" time="20.031" errors="0" timestamp="2024-03-17T19:19:11 IST">
  <testcase classname="facebook.loginPage" name="TC_001_LoginPageLoaded" time="2.307"/>
  <testcase classname="facebook.loginPage" name="TC_002_EmailInputBoxIsEnable" time="0.03"/>
  <testcase classname="facebook.loginPage" name="TC_003_PlaceholderIsPresented" time="0.029"/>
  <testcase classname="facebook.loginPage" name="TC_004_EmailInputIsEmailEnterable" time="0.092"/>
  <testcase classname="facebook.loginPage" name="TC_005_EmailInputIsPhoneNumberEnterable" time="0.134"/>
  <testcase classname="facebook.loginPage" name="TC_006_PasswaordInputBoxIsEnable" time="0.034"/>
  <testcase classname="facebook.loginPage" name="TC_007_PlaceholderIsPresentedInPassword" time="0.024"/>
  <testcase classname="facebook.loginPage" name="TC_008_PasswordInputIsEnterable" time="0.147"/>
  <testcase classname="facebook.loginPage" name="TC_009_EyeIconIsDisplayed" time="0.031"/>
  <testcase classname="facebook.loginPage" name="TC_010_EyeIconIsNotDisplayed" time="1.138"/>
  <testcase classname="facebook.loginPage" name="TC_011_PasswordDisplayedByClickEyeIcon" time="0.168"/>
  <testcase classname="facebook.loginPage" name="TC_012_PasswordNotDisplayedByClickEyeIcon" time="0.054"/>
  <testcase classname="facebook.loginPage" name="TC_013_CreateAccountIsEnabel" time="0.024"/>
  <testcase classname="facebook.loginPage" name="TC_014_SignUpModelIsDisplay" time="0.773"/>
  <testcase classname="facebook.loginPage" name="TC_015_ForgetPasswordIsRedirectable" time="11.753"/>
  <testcase classname="facebook.loginPage" name="TC_016_CreatePageIsRedirectable" time="2.46"/>
  <testcase classname="facebook.loginPage" name="TC_017_LoginSucessfully" time="0.733"/>
</testsuite> <!-- Default test -->
