<?xml version="1.0" encoding="UTF-8"?>
<!-- Generated by org.testng.reporters.JUnitXMLReporter -->
<testsuite ignored="0" hostname="DESKTOP-1T5BJDV" failures="0" tests="17" name="Test" time="15.785" errors="0" timestamp="2024-03-17T21:05:23 IST">
  <testcase classname="facebook.loginPage" name="TC_001_LoginPageLoaded" time="2.3"/>
  <testcase classname="facebook.loginPage" name="TC_002_EmailInputBoxIsEnable" time="0.035"/>
  <testcase classname="facebook.loginPage" name="TC_003_PlaceholderIsPresented" time="0.036"/>
  <testcase classname="facebook.loginPage" name="TC_004_EmailInputIsEmailEnterable" time="0.105"/>
  <testcase classname="facebook.loginPage" name="TC_005_EmailInputIsPhoneNumberEnterable" time="0.154"/>
  <testcase classname="facebook.loginPage" name="TC_006_PasswaordInputBoxIsEnable" time="0.035"/>
  <testcase classname="facebook.loginPage" name="TC_007_PlaceholderIsPresentedInPassword" time="0.021"/>
  <testcase classname="facebook.loginPage" name="TC_008_PasswordInputIsEnterable" time="0.143"/>
  <testcase classname="facebook.loginPage" name="TC_009_EyeIconIsDisplayed" time="0.037"/>
  <testcase classname="facebook.loginPage" name="TC_010_EyeIconIsNotDisplayed" time="1.127"/>
  <testcase classname="facebook.loginPage" name="TC_011_PasswordDisplayedByClickEyeIcon" time="0.149"/>
  <testcase classname="facebook.loginPage" name="TC_012_PasswordNotDisplayedByClickEyeIcon" time="0.065"/>
  <testcase classname="facebook.loginPage" name="TC_013_CreateAccountIsEnabel" time="0.029"/>
  <testcase classname="facebook.loginPage" name="TC_014_SignUpModelIsDisplay" time="0.688"/>
  <testcase classname="facebook.loginPage" name="TC_015_ForgetPasswordIsRedirectable" time="7.862"/>
  <testcase classname="facebook.loginPage" name="TC_016_CreatePageIsRedirectable" time="2.203"/>
  <testcase classname="facebook.loginPage" name="TC_017_LoginSucessfully" time="0.675"/>
</testsuite> <!-- Test -->
